\BOOKMARK [0][-]{chapter.1}{\376\377\000\332\000v\000o\000d}{}
\BOOKMARK [1][-]{section.1.1}{\376\377\000C\000\355\000l\000e\000\040\000p\000r\000\341\000c\000e}{chapter.1}
\BOOKMARK [1][-]{section.1.2}{\376\377\000O\000b\000s\000a\000h\000\040\000p\000r\000\341\000c\000e}{chapter.1}
\BOOKMARK [0][-]{chapter.2}{\376\377\000A\000n\000a\000l\000\375\000z\000a\000\040\000\372\000l\000o\000h\000y}{}
\BOOKMARK [1][-]{section.2.1}{\376\377\000D\000e\000f\000i\000n\000i\000c\000e\000\040\000a\000\040\000u\000p\001\131\000e\000s\000n\001\033\000n\000\355\000\040\000p\000o\000j\000m\001\157}{chapter.2}
\BOOKMARK [1][-]{section.2.2}{\376\377\000A\000n\000a\000l\000\375\000z\000a\000\040\000p\000o\001\176\000a\000d\000a\000v\000k\001\157\000\040\000k\000l\000i\000e\000n\000t\000a}{chapter.2}
\BOOKMARK [0][-]{chapter.3}{\376\377\000N\000\341\000v\000r\000h\000\040\001\131\000e\001\141\000e\000n\000\355}{}
\BOOKMARK [1][-]{section.3.1}{\376\377\000K\000o\000n\000c\000e\000p\000t\000u\000\341\000l\000n\000\355\000\040\000n\000\341\000v\000r\000h}{chapter.3}
\BOOKMARK [1][-]{section.3.2}{\376\377\000L\000o\000g\000i\000c\000k\000\375\000\040\000n\000\341\000v\000r\000h}{chapter.3}
\BOOKMARK [1][-]{section.3.3}{\376\377\000F\000y\000z\000i\000c\000k\000\375\000\040\000n\000\341\000v\000r\000h}{chapter.3}
\BOOKMARK [0][-]{chapter.4}{\376\377\000P\000o\000u\001\176\000i\000t\000\351\000\040\000t\000e\000c\000h\000n\000o\000l\000o\000g\000i\000e\000\040\000a\000\040\000f\000r\000a\000m\000e\000w\000o\000r\000k\000y}{}
\BOOKMARK [1][-]{section.4.1}{\376\377\000S\000e\000r\000v\000e\000r}{chapter.4}
\BOOKMARK [1][-]{section.4.2}{\376\377\000K\000l\000i\000e\000n\000t}{chapter.4}
\BOOKMARK [0][-]{chapter.5}{\376\377\000P\000r\000o\000g\000r\000a\000m\000\341\000t\000o\000r\000s\000k\000\341\000\040\000d\000o\000k\000u\000m\000e\000n\000t\000a\000c\000e}{}
\BOOKMARK [1][-]{section.5.1}{\376\377\000A\000d\000r\000e\000s\000\341\001\131\000o\000v\000\341\000\040\000s\000t\000r\000u\000k\000t\000u\000r\000a}{chapter.5}
\BOOKMARK [1][-]{section.5.2}{\376\377\000M\000o\000d\000e\000l\000y\000\040\000\050\000M\000o\000d\000e\000l\000s\000\051}{chapter.5}
\BOOKMARK [1][-]{section.5.3}{\376\377\001\130\000a\000d\000i\001\015\000e\000\040\000\050\000C\000o\000n\000t\000r\000o\000l\000l\000e\000r\000s\000\051}{chapter.5}
\BOOKMARK [1][-]{section.5.4}{\376\377\000Z\000\341\000s\000u\000v\000n\000\351\000\040\000m\000o\000d\000u\000l\000y\000\040\000\050\000P\000l\000u\000g\000i\000n\000s\000\051}{chapter.5}
\BOOKMARK [0][-]{chapter.6}{\376\377\000U\001\176\000i\000v\000a\000t\000e\000l\000s\000k\000\341\000\040\000d\000o\000k\000u\000m\000e\000n\000t\000a\000c\000e}{}
\BOOKMARK [1][-]{section.6.1}{\376\377\000I\000n\000s\000t\000a\000l\000a\000c\000e\000\040\000s\000e\000r\000v\000e\000r\000u}{chapter.6}
\BOOKMARK [1][-]{section.6.2}{\376\377\000S\000p\000r\000\341\000v\000c\000e}{chapter.6}
\BOOKMARK [1][-]{section.6.3}{\376\377\000D\000o\000d\000a\000v\000a\000t\000e\000l}{chapter.6}
\BOOKMARK [1][-]{section.6.4}{\376\377\000Z\000\341\000k\000a\000z\000n\000\355\000c\000i}{chapter.6}
\BOOKMARK [1][-]{section.6.5}{\376\377\000S\000t\000u\000d\000e\000n\000t\000i}{chapter.6}
\BOOKMARK [0][-]{chapter.7}{\376\377\000E\000x\000i\000s\000t\000u\000j\000\355\000c\000\355\000\040\000s\000y\000s\000t\000\351\000m\000y}{}
\BOOKMARK [1][-]{section.7.1}{\376\377\000S\000p\000r\000\341\000v\000c\000i\000\040\000o\000b\000s\000a\000h\000u\000\040\000\050\000C\000M\000S\000\051}{chapter.7}
\BOOKMARK [1][-]{section.7.2}{\376\377\000E\000-\000L\000e\000a\000r\000n\000i\000n\000g}{chapter.7}
\BOOKMARK [1][-]{section.7.3}{\376\377\000M\000o\001\176\000n\000o\000s\000t\000i\000\040\000i\000n\000t\000e\000g\000r\000a\000c\000e\000\040\000s\000y\000s\000t\000\351\000m\001\157}{chapter.7}
\BOOKMARK [0][-]{chapter.8}{\376\377\000Z\000\341\000v\001\033\000r}{}
\BOOKMARK [0][-]{appendix.A}{\376\377\000O\000b\000s\000a\000h\000\040\000p\001\131\000i\000l\000o\001\176\000e\000n\000\351\000h\000o\000\040\000C\000D}{}
\BOOKMARK [0][-]{appendix.B}{\376\377\000D\000a\000t\000a\000b\000\341\000z\000o\000v\000\351\000\040\000s\000c\000h\000\351\000m\000a}{}
